<?xml version="1.0" encoding="UTF-8"?>
<testng-results ignored="0" total="3" passed="3" failed="0" skipped="0">
  <reporter-output>
  </reporter-output>
  <suite started-at="2024-09-27T22:21:15 IST" name="Suite" finished-at="2024-09-27T22:21:58 IST" duration-ms="43400">
    <groups>
    </groups>
    <test started-at="2024-09-27T22:21:15 IST" name="Test1" finished-at="2024-09-27T22:21:50 IST" duration-ms="35139">
      <class name="seleniumGrid.Nyka">
        <test-method signature="testParallel(java.lang.String)[pri:0, instance:seleniumGrid.Nyka@2b662a77]" started-at="2024-09-27T22:21:15 IST" name="testParallel" finished-at="2024-09-27T22:21:50 IST" duration-ms="34912" status="PASS">
          <params>
            <param index="0">
              <value>
                <![CDATA[chrome]]>
              </value>
            </param>
          </params>
          <reporter-output>
          </reporter-output>
        </test-method> <!-- testParallel -->
      </class> <!-- seleniumGrid.Nyka -->
    </test> <!-- Test1 -->
    <test started-at="2024-09-27T22:21:15 IST" name="Test3" finished-at="2024-09-27T22:21:57 IST" duration-ms="42001">
      <class name="seleniumGrid.Nyka">
        <test-method signature="testParallel(java.lang.String)[pri:0, instance:seleniumGrid.Nyka@776aec5c]" started-at="2024-09-27T22:21:15 IST" name="testParallel" finished-at="2024-09-27T22:21:57 IST" duration-ms="41812" status="PASS">
          <params>
            <param index="0">
              <value>
                <![CDATA[edge]]>
              </value>
            </param>
          </params>
          <reporter-output>
          </reporter-output>
        </test-method> <!-- testParallel -->
      </class> <!-- seleniumGrid.Nyka -->
    </test> <!-- Test3 -->
    <test started-at="2024-09-27T22:21:15 IST" name="Test2" finished-at="2024-09-27T22:21:58 IST" duration-ms="43400">
      <class name="seleniumGrid.Nyka">
        <test-method signature="testParallel(java.lang.String)[pri:0, instance:seleniumGrid.Nyka@175c2241]" started-at="2024-09-27T22:21:15 IST" name="testParallel" finished-at="2024-09-27T22:21:58 IST" duration-ms="43190" status="PASS">
          <params>
            <param index="0">
              <value>
                <![CDATA[firefox]]>
              </value>
            </param>
          </params>
          <reporter-output>
          </reporter-output>
        </test-method> <!-- testParallel -->
      </class> <!-- seleniumGrid.Nyka -->
    </test> <!-- Test2 -->
  </suite> <!-- Suite -->
</testng-results>
